# JRE version: OpenJDK Runtime Environment Corretto-17.0.14.7.1 (17.0.14+7) (build 17.0.14+7-LTS)
# Java VM: OpenJDK 64-Bit Server VM Corretto-17.0.14.7.1 (17.0.14+7-LTS, mixed mode, sharing, tiered, compressed oops, compressed class ptrs, g1 gc, windows-amd64)
GC Precious Log:
 CPUs: 8 total, 8 available
 Memory: 6030M
 Large Page Support: Disabled
 NUMA Support: Disabled
 Compressed Oops: Enabled (Zero based)
 Heap Region Size: 4M
 Heap Min Capacity: 8M
 Heap Initial Capacity: 96M
 Heap Max Capacity: 8G
 Pre-touch: Disabled
 Parallel Workers: 8
 Concurrent Workers: 2
 Concurrent Refinement Workers: 8
 Periodic GC: Disabled
Heap:
 garbage-first heap   total 2093056K, used 293513K [0x0000000255000000, 0x0000000455000000)
  region size 4096K, 3 young (12288K), 3 survivors (12288K)
 Metaspace       used 128716K, committed 129600K, reserved 1179648K
  class space    used 16349K, committed 16768K, reserved 1048576K
GC Heap History (20 events):
Event: 468.817 GC heap after
{Heap after GC invocations=62 (full 0):
 garbage-first heap   total 1302528K, used 239403K [0x0000000255000000, 0x0000000455000000)
  region size 4096K, 1 young (4096K), 1 survivors (4096K)
 Metaspace       used 128668K, committed 129472K, reserved 1179648K
  class space    used 16358K, committed 16768K, reserved 1048576K
}
Event: 488.545 GC heap before
{Heap before GC invocations=63 (full 0):
 garbage-first heap   total 917504K, used 870187K [0x0000000255000000, 0x0000000455000000)
  region size 4096K, 157 young (643072K), 1 survivors (4096K)
 Metaspace       used 128648K, committed 129472K, reserved 1179648K
  class space    used 16348K, committed 16768K, reserved 1048576K
}
Event: 489.170 GC heap after
{Heap after GC invocations=64 (full 0):
 garbage-first heap   total 921600K, used 266835K [0x0000000255000000, 0x0000000455000000)
  region size 4096K, 9 young (36864K), 9 survivors (36864K)
 Metaspace       used 128648K, committed 129472K, reserved 1179648K
  class space    used 16348K, committed 16768K, reserved 1048576K
}
Event: 489.427 GC heap before
{Heap before GC invocations=64 (full 0):
 garbage-first heap   total 921600K, used 275027K [0x0000000255000000, 0x0000000455000000)
  region size 4096K, 11 young (45056K), 9 survivors (36864K)
 Metaspace       used 128648K, committed 129472K, reserved 1179648K
  class space    used 16348K, committed 16768K, reserved 1048576K
}
Event: 489.789 GC heap after
{Heap after GC invocations=65 (full 0):
 garbage-first heap   total 921600K, used 266850K [0x0000000255000000, 0x0000000455000000)
  region size 4096K, 2 young (8192K), 2 survivors (8192K)
 Metaspace       used 128648K, committed 129472K, reserved 1179648K
  class space    used 16348K, committed 16768K, reserved 1048576K
}
Event: 490.658 GC heap before
{Heap before GC invocations=65 (full 0):
 garbage-first heap   total 921600K, used 311906K [0x0000000255000000, 0x0000000455000000)
  region size 4096K, 14 young (57344K), 2 survivors (8192K)
 Metaspace       used 128649K, committed 129472K, reserved 1179648K
  class space    used 16348K, committed 16768K, reserved 1048576K
}
Event: 490.701 GC heap after
{Heap after GC invocations=66 (full 0):
 garbage-first heap   total 921600K, used 267333K [0x0000000255000000, 0x0000000455000000)
  region size 4096K, 2 young (8192K), 2 survivors (8192K)
 Metaspace       used 128649K, committed 129472K, reserved 1179648K
  class space    used 16348K, committed 16768K, reserved 1048576K
}
Event: 491.051 GC heap before
{Heap before GC invocations=66 (full 0):
 garbage-first heap   total 921600K, used 336965K [0x0000000255000000, 0x0000000455000000)
  region size 4096K, 20 young (81920K), 2 survivors (8192K)
 Metaspace       used 128649K, committed 129472K, reserved 1179648K
  class space    used 16348K, committed 16768K, reserved 1048576K
}
Event: 491.189 GC heap after
{Heap after GC invocations=67 (full 0):
 garbage-first heap   total 2093056K, used 276311K [0x0000000255000000, 0x0000000455000000)
  region size 4096K, 3 young (12288K), 3 survivors (12288K)
 Metaspace       used 128649K, committed 129472K, reserved 1179648K
  class space    used 16348K, committed 16768K, reserved 1048576K
}
Event: 492.222 GC heap before
{Heap before GC invocations=67 (full 0):
 garbage-first heap   total 2093056K, used 362327K [0x0000000255000000, 0x0000000455000000)
  region size 4096K, 25 young (102400K), 3 survivors (12288K)
 Metaspace       used 128678K, committed 129472K, reserved 1179648K
  class space    used 16349K, committed 16768K, reserved 1048576K
}
Event: 492.396 GC heap after
{Heap after GC invocations=68 (full 0):
 garbage-first heap   total 2093056K, used 281677K [0x0000000255000000, 0x0000000455000000)
  region size 4096K, 2 young (8192K), 2 survivors (8192K)
 Metaspace       used 128678K, committed 129472K, reserved 1179648K
  class space    used 16349K, committed 16768K, reserved 1048576K
}
Event: 493.069 GC heap before
{Heap before GC invocations=68 (full 0):
 garbage-first heap   total 2093056K, used 375885K [0x0000000255000000, 0x0000000455000000)
  region size 4096K, 25 young (102400K), 2 survivors (8192K)
 Metaspace       used 128699K, committed 129472K, reserved 1179648K
  class space    used 16349K, committed 16768K, reserved 1048576K
}
Event: 493.085 GC heap after
{Heap after GC invocations=69 (full 0):
 garbage-first heap   total 2093056K, used 288259K [0x0000000255000000, 0x0000000455000000)
  region size 4096K, 2 young (8192K), 2 survivors (8192K)
 Metaspace       used 128699K, committed 129472K, reserved 1179648K
  class space    used 16349K, committed 16768K, reserved 1048576K
}
Event: 493.591 GC heap before
{Heap before GC invocations=69 (full 0):
 garbage-first heap   total 2093056K, used 382467K [0x0000000255000000, 0x0000000455000000)
  region size 4096K, 25 young (102400K), 2 survivors (8192K)
 Metaspace       used 128704K, committed 129472K, reserved 1179648K
  class space    used 16349K, committed 16768K, reserved 1048576K
}
Event: 493.609 GC heap after
{Heap after GC invocations=70 (full 0):
 garbage-first heap   total 2093056K, used 288512K [0x0000000255000000, 0x0000000455000000)
  region size 4096K, 3 young (12288K), 3 survivors (12288K)
 Metaspace       used 128704K, committed 129472K, reserved 1179648K
  class space    used 16349K, committed 16768K, reserved 1048576K
}
Event: 495.714 GC heap before
{Heap before GC invocations=70 (full 0):
 garbage-first heap   total 2093056K, used 485120K [0x0000000255000000, 0x0000000455000000)
  region size 4096K, 51 young (208896K), 3 survivors (12288K)
 Metaspace       used 128716K, committed 129600K, reserved 1179648K
  class space    used 16349K, committed 16768K, reserved 1048576K
}
Event: 495.975 GC heap after
{Heap after GC invocations=71 (full 0):
 garbage-first heap   total 2093056K, used 289779K [0x0000000255000000, 0x0000000455000000)
  region size 4096K, 3 young (12288K), 3 survivors (12288K)
 Metaspace       used 128716K, committed 129600K, reserved 1179648K
  class space    used 16349K, committed 16768K, reserved 1048576K
}
Event: 496.985 GC heap before
{Heap before GC invocations=71 (full 0):
 garbage-first heap   total 2093056K, used 379891K [0x0000000255000000, 0x0000000455000000)
  region size 4096K, 25 young (102400K), 3 survivors (12288K)
 Metaspace       used 128716K, committed 129600K, reserved 1179648K
  class space    used 16349K, committed 16768K, reserved 1048576K
}
Event: 497.045 GC heap after
{Heap after GC invocations=72 (full 0):
 garbage-first heap   total 2093056K, used 290474K [0x0000000255000000, 0x0000000455000000)
  region size 4096K, 2 young (8192K), 2 survivors (8192K)
 Metaspace       used 128716K, committed 129600K, reserved 1179648K
  class space    used 16349K, committed 16768K, reserved 1048576K
}
Event: 499.643 GC heap before
{Heap before GC invocations=72 (full 0):
 garbage-first heap   total 2093056K, used 695978K [0x0000000255000000, 0x0000000455000000)
  region size 4096K, 101 young (413696K), 2 survivors (8192K)
 Metaspace       used 128716K, committed 129600K, reserved 1179648K
  class space    used 16349K, committed 16768K, reserved 1048576K
}

